<?xml version="1.0" encoding="UTF-8"?>
<!-- Generated by org.testng.reporters.JUnitReportReporter -->
<testsuite skipped="0" hostname="DESKTOP-4VOG8FK" name="com.runner.TestRunner" tests="5" failures="0" timestamp="2021-12-18T22:22:41 IST" time="9.735" errors="0">
  <testcase name="runScenario" time="0.587" classname="com.runner.TestRunner"/>
  <system-out/>
  <testcase name="runScenario" time="0.375" classname="com.runner.TestRunner"/>
  <system-out/>
  <testcase name="runScenario" time="1.268" classname="com.runner.TestRunner"/>
  <system-out/>
  <testcase name="runScenario" time="0.644" classname="com.runner.TestRunner"/>
  <system-out/>
  <testcase name="runScenario" time="6.861" classname="com.runner.TestRunner"/>
  <system-out/>
</testsuite> <!-- com.runner.TestRunner -->
